
2022/09/25 (19:47:45) | ===> btop++ v.1.2.9
2022/09/25 (19:47:45) | ERROR: Stall in Runner thread, restarting!

2022/09/30 (15:08:47) | ===> btop++ v.1.2.9
2022/09/30 (15:08:47) | ERROR: No tty detected!
btop++ needs an interactive shell to run.

2022/10/02 (17:57:35) | ===> btop++ v.1.2.9
2022/10/02 (17:57:35) | ERROR: No tty detected!
btop++ needs an interactive shell to run.

2022/10/02 (22:05:24) | ===> btop++ v.1.2.9
2022/10/02 (22:05:24) | ERROR: No tty detected!
btop++ needs an interactive shell to run.

2022/10/03 (15:08:24) | ===> btop++ v.1.2.9
2022/10/03 (15:08:24) | ERROR: No tty detected!
btop++ needs an interactive shell to run.

2022/10/04 (19:04:43) | ===> btop++ v.1.2.9
2022/10/04 (19:04:43) | ERROR: No tty detected!
btop++ needs an interactive shell to run.

2022/10/05 (12:22:03) | ===> btop++ v.1.2.9
2022/10/05 (12:22:03) | ERROR: No tty detected!
btop++ needs an interactive shell to run.

2022/10/06 (12:25:34) | ===> btop++ v.1.2.9
2022/10/06 (12:25:34) | ERROR: No tty detected!
btop++ needs an interactive shell to run.

2022/10/07 (10:04:30) | ===> btop++ v.1.2.9
2022/10/07 (10:04:30) | ERROR: No tty detected!
btop++ needs an interactive shell to run.

2022/10/08 (13:36:27) | ===> btop++ v.1.2.9
2022/10/08 (13:36:27) | ERROR: No tty detected!
btop++ needs an interactive shell to run.

2022/10/09 (01:16:03) | ===> btop++ v.1.2.9
2022/10/09 (01:16:03) | ERROR: No tty detected!
btop++ needs an interactive shell to run.

2022/10/09 (17:30:24) | ===> btop++ v.1.2.9
2022/10/09 (17:30:24) | ERROR: No tty detected!
btop++ needs an interactive shell to run.

2022/10/10 (15:15:43) | ===> btop++ v.1.2.9
2022/10/10 (15:15:43) | ERROR: No tty detected!
btop++ needs an interactive shell to run.

2022/10/11 (19:34:44) | ===> btop++ v.1.2.9
2022/10/11 (19:34:44) | ERROR: No tty detected!
btop++ needs an interactive shell to run.

2022/10/12 (20:05:17) | ===> btop++ v.1.2.9
2022/10/12 (20:05:17) | ERROR: No tty detected!
btop++ needs an interactive shell to run.

2022/10/13 (13:20:40) | ===> btop++ v.1.2.9
2022/10/13 (13:20:40) | ERROR: No tty detected!
btop++ needs an interactive shell to run.

2022/10/14 (09:10:56) | ===> btop++ v.1.2.9
2022/10/14 (09:10:56) | ERROR: No tty detected!
btop++ needs an interactive shell to run.

2022/10/15 (17:02:08) | ===> btop++ v.1.2.9
2022/10/15 (17:02:08) | ERROR: No tty detected!
btop++ needs an interactive shell to run.

2022/10/16 (12:20:06) | ===> btop++ v.1.2.9
2022/10/16 (12:20:06) | ERROR: No tty detected!
btop++ needs an interactive shell to run.

2022/10/16 (17:26:35) | ===> btop++ v.1.2.9
2022/10/16 (17:26:35) | ERROR: No tty detected!
btop++ needs an interactive shell to run.

2022/10/16 (21:49:32) | ===> btop++ v.1.2.9
2022/10/16 (21:49:32) | ERROR: No tty detected!
btop++ needs an interactive shell to run.

2022/10/17 (13:24:42) | ===> btop++ v.1.2.9
2022/10/17 (13:24:42) | ERROR: No tty detected!
btop++ needs an interactive shell to run.

2022/10/18 (17:11:34) | ===> btop++ v.1.2.9
2022/10/18 (17:11:34) | ERROR: No tty detected!
btop++ needs an interactive shell to run.

2022/10/18 (21:46:14) | ===> btop++ v.1.2.9
2022/10/18 (21:46:14) | ERROR: No tty detected!
btop++ needs an interactive shell to run.

2022/10/18 (21:48:19) | ===> btop++ v.1.2.9
2022/10/18 (21:48:19) | ERROR: No tty detected!
btop++ needs an interactive shell to run.

2022/10/18 (21:49:30) | ===> btop++ v.1.2.9
2022/10/18 (21:49:30) | ERROR: No tty detected!
btop++ needs an interactive shell to run.

2022/10/19 (13:51:02) | ===> btop++ v.1.2.9
2022/10/19 (13:51:02) | ERROR: No tty detected!
btop++ needs an interactive shell to run.

2022/10/20 (14:12:22) | ===> btop++ v.1.2.9
2022/10/20 (14:12:22) | ERROR: No tty detected!
btop++ needs an interactive shell to run.

2022/10/21 (14:34:21) | ===> btop++ v.1.2.12
2022/10/21 (14:34:21) | ERROR: No tty detected!
btop++ needs an interactive shell to run.

2022/10/21 (14:36:39) | ===> btop++ v.1.2.12
2022/10/21 (14:36:39) | ERROR: No tty detected!
btop++ needs an interactive shell to run.

2022/10/22 (13:06:23) | ===> btop++ v.1.2.12
2022/10/22 (13:06:23) | ERROR: No tty detected!
btop++ needs an interactive shell to run.

2023/01/15 (16:41:19) | ===> btop++ v.1.2.13
2023/01/15 (16:41:19) | ERROR: Invalid hex value: #aaffe4

2023/01/15 (16:41:24) | ===> btop++ v.1.2.13
2023/01/15 (16:41:24) | ERROR: Invalid hex value: #aaffe4

2023/01/15 (16:49:30) | ===> btop++ v.1.2.13
2023/01/15 (16:49:30) | ERROR: Invalid hex value: ffe9aa#ccff66

2023/01/15 (16:54:08) | ===> btop++ v.1.2.13
2023/01/15 (16:54:08) | ERROR: Invalid hex value: ffe9aa#ccff66
2023/01/15 (16:54:28) | ERROR: Invalid hex value: ffe9aa#ccff66
2023/01/15 (16:54:44) | ERROR: Invalid hex value: ffe9aa#ccff66

2023/01/15 (16:55:23) | ===> btop++ v.1.2.13
2023/01/15 (16:55:23) | ERROR: Invalid hex value: ffe9aa#ccff66

2023/01/15 (16:55:49) | ===> btop++ v.1.2.13
2023/01/15 (16:55:49) | ERROR: Invalid hex value: ffe9aa#ccff66

2023/01/15 (16:55:59) | ===> btop++ v.1.2.13
2023/01/15 (16:55:59) | ERROR: Invalid hex value: ffe9aa#ccff66

2023/01/15 (16:56:19) | ===> btop++ v.1.2.13
2023/01/15 (16:56:19) | ERROR: Invalid hex value: ffe9aa#ccff66

2023/01/15 (16:56:42) | ===> btop++ v.1.2.13
2023/01/15 (16:56:42) | ERROR: Invalid hex value: ffe9aa#ccff66

2023/01/15 (16:57:23) | ===> btop++ v.1.2.13
2023/01/15 (16:57:23) | ERROR: Invalid hex value: ffe9aa#ccff66

2023/01/15 (16:58:06) | ===> btop++ v.1.2.13
2023/01/15 (16:58:06) | ERROR: Invalid hex value: ffe9aa#ccff66

2023/01/15 (16:58:31) | ===> btop++ v.1.2.13
2023/01/15 (16:58:31) | ERROR: Invalid hex value: ffe9aa#ccff66

2023/01/15 (16:59:57) | ===> btop++ v.1.2.13
2023/01/15 (16:59:57) | ERROR: Invalid hex value: ffe9aa#ccff66

2023/01/15 (17:05:15) | ===> btop++ v.1.2.13
2023/01/15 (17:05:15) | ERROR: Invalid hex value: #cbe3e7

2023/01/15 (17:12:41) | ===> btop++ v.1.2.13
2023/01/15 (17:12:41) | ERROR: Invalid hex value: 565575#a6b3cc
2023/01/15 (17:12:41) | ERROR: Invalid hex value: 565575#a6b3cc
2023/01/15 (17:12:41) | ERROR: Invalid hex value: 565575#a6b3cc
2023/01/15 (17:12:41) | ERROR: Invalid hex value: 565575#a6b3cc

2023/01/15 (18:04:49) | ===> btop++ v.1.2.13
2023/01/15 (18:04:49) | INFO: Logger set to INFO
